Removed Pin From Net: NetName=GND Pin=1-2
Removed Pin From Net: NetName=GND Pin=2-2
Removed Pin From Net: NetName=Vin Pin=C3-1
Removed Pin From Net: NetName=GND Pin=C3-2
Removed Pin From Net: NetName=Vin Pin=C4-2
Removed Pin From Net: NetName=Vin Pin=C5-2
Removed Pin From Net: NetName=Vin Pin=C6-1
Removed Pin From Net: NetName=GND Pin=C6-2
Removed Pin From Net: NetName=Vin Pin=C7-1
Removed Pin From Net: NetName=GND Pin=C7-2
Removed Pin From Net: NetName=GND Pin=C8-1
Removed Pin From Net: NetName=Vin Pin=C8-2
Removed Pin From Net: NetName=GND Pin=C9-1
Removed Pin From Net: NetName=Vin Pin=C9-2
Removed Pin From Net: NetName=GND Pin=C12-2
Removed Pin From Net: NetName=GND Pin=C13-2
Removed Pin From Net: NetName=GND Pin=C14-1
Removed Pin From Net: NetName=GND Pin=C17-1
Removed Pin From Net: NetName=GND Pin=C20-1
Removed Pin From Net: NetName=GND Pin=C21-1
Removed Pin From Net: NetName=GND Pin=C22-1
Removed Pin From Net: NetName=GND Pin=D3-C
Removed Pin From Net: NetName=GND Pin=D4-C
Removed Pin From Net: NetName=Vin Pin=Q3-1
Removed Pin From Net: NetName=Vin Pin=Q4-1
Removed Pin From Net: NetName=GND Pin=Q5-3
Removed Pin From Net: NetName=GND Pin=Q6-3
Removed Pin From Net: NetName=Vin Pin=R3-2
Removed Pin From Net: NetName=Vin Pin=R4-2
Removed Pin From Net: NetName=GND Pin=R9-1
Removed Pin From Net: NetName=GND Pin=R10-1
Removed Pin From Net: NetName=GND Pin=R13-1
Removed Pin From Net: NetName=GND Pin=R14-1
Removed Pin From Net: NetName=GND Pin=R15-1
Removed Pin From Net: NetName=GND Pin=R16-1
Removed Pin From Net: NetName=Vin Pin=U3-1
Removed Pin From Net: NetName=GND Pin=U3-8
Removed Pin From Net: NetName=Vin Pin=U3-14
Removed Pin From Net: NetName=GND Pin=U3-21
Removed Pin From Net: NetName=Vin Pin=U3-22
Change Net Name : Old Net Name=Vin New Net Name=NetC1_2
Added Net: Name=+12
Added Member To Class: ClassName=Shore Power Member=Component C? Cap Semi
Added Member To Class: ClassName=Shore Power Member=Component C? Cap Semi
Added Member To Class: ClassName=Shore Power Member=Component C? Cap Semi
Added Member To Class: ClassName=Shore Power Member=Component D? Diode
Added Member To Class: ClassName=Shore Power Member=Component D? SMAJ24CA-E3/61
Added Member To Class: ClassName=Shore Power Member=Component D? Diode
Added Member To Class: ClassName=Shore Power Member=Component Q? BSC028N06NSTATMA1
Added Member To Class: ClassName=Shore Power Member=Component Q? BSC028N06NSTATMA1
Added Member To Class: ClassName=Shore Power Member=Component Q? BSC028N06NSTATMA1
Added Member To Class: ClassName=Shore Power Member=Component Q? MOC207M
Added Member To Class: ClassName=Shore Power Member=Component R? Res1
Added Member To Class: ClassName=Shore Power Member=Component R? Res1
Added Member To Class: ClassName=Shore Power Member=Component R? Res1
Added Member To Class: ClassName=Shore Power Member=Component R? Res1
Added Member To Class: ClassName=Shore Power Member=Component R? Res1
Added Member To Class: ClassName=Shore Power Member=Component R? Res1
Added Member To Class: ClassName=Shore Power Member=Component R? Res1
Added Member To Class: ClassName=Shore Power Member=Component R? Res1
Added Member To Class: ClassName=Shore Power Member=Component U? Part Number: LTC4359IMS8#PBF
