Change Component Designator: OldDesignator=C? NewDesignator=C3
Change Component Designator: OldDesignator=C? NewDesignator=C4
Change Component Designator: OldDesignator=C? NewDesignator=C5
Change Component Designator: OldDesignator=C? NewDesignator=C6
Change Component Designator: OldDesignator=D? NewDesignator=D3
Change Component Designator: OldDesignator=D? NewDesignator=D4
Change Component Designator: OldDesignator=D? NewDesignator=D5
Change Component Designator: OldDesignator=D? NewDesignator=D6
Change Component Designator: OldDesignator=Q? NewDesignator=Q3
Change Component Designator: OldDesignator=Q? NewDesignator=Q4
Change Component Designator: OldDesignator=Q? NewDesignator=Q5
Change Component Designator: OldDesignator=Q? NewDesignator=Q6
Change Component Designator: OldDesignator=Q? NewDesignator=Q7
Change Component Designator: OldDesignator=R? NewDesignator=R3
Change Component Designator: OldDesignator=R? NewDesignator=R4
Change Component Designator: OldDesignator=R? NewDesignator=R5
Change Component Designator: OldDesignator=R? NewDesignator=R6
Change Component Designator: OldDesignator=R? NewDesignator=R7
Change Component Designator: OldDesignator=R? NewDesignator=R8
Change Component Designator: OldDesignator=R? NewDesignator=R9
Change Component Designator: OldDesignator=R? NewDesignator=R10
Change Component Designator: OldDesignator=R? NewDesignator=R11
Change Component Designator: OldDesignator=U? NewDesignator=U3
Change Component Designator: OldDesignator=U? NewDesignator=U4
Added Component: Designator=P2(CONN_3-338168-2)
Add component (AddParameter): Name = "LatestRevisionDate"; Value = "17-Jul-2002"; VariantName = "[No Variations]"
Add component (AddParameter): Name = "LatestRevisionNote"; Value = "Re-released for DXP Platform."; VariantName = "[No Variations]"
Add component (AddParameter): Name = "MPN"; Value = "3-338168-2"; VariantName = "[No Variations]"
Add component (AddParameter): Name = "Publisher"; Value = "Altium Limited"; VariantName = "[No Variations]"
Add component (AddParameter): Name = "SPN"; Value = "A105035-ND"; VariantName = "[No Variations]"
Add component (AddParameter): Name = "Supplier 1"; Value = "Digi-Key"; VariantName = "[No Variations]"
Add component (AddParameter): Name = "Supplier Part Number 1"; Value = "A105035-ND"; VariantName = "[No Variations]"
Added Component: Designator=P?(CONN_3-338168-2)
Add component (AddParameter): Name = "LatestRevisionDate"; Value = "17-Jul-2002"; VariantName = "[No Variations]"
Add component (AddParameter): Name = "LatestRevisionNote"; Value = "Re-released for DXP Platform."; VariantName = "[No Variations]"
Add component (AddParameter): Name = "MPN"; Value = "3-338168-2"; VariantName = "[No Variations]"
Add component (AddParameter): Name = "Publisher"; Value = "Altium Limited"; VariantName = "[No Variations]"
Add component (AddParameter): Name = "SPN"; Value = "A105035-ND"; VariantName = "[No Variations]"
Add component (AddParameter): Name = "Supplier 1"; Value = "Digi-Key"; VariantName = "[No Variations]"
Add component (AddParameter): Name = "Supplier Part Number 1"; Value = "A105035-ND"; VariantName = "[No Variations]"
Added Component: Designator=P?(CONN_3-338168-2)
Add component (AddParameter): Name = "LatestRevisionDate"; Value = "17-Jul-2002"; VariantName = "[No Variations]"
Add component (AddParameter): Name = "LatestRevisionNote"; Value = "Re-released for DXP Platform."; VariantName = "[No Variations]"
Add component (AddParameter): Name = "MPN"; Value = "3-338168-2"; VariantName = "[No Variations]"
Add component (AddParameter): Name = "Publisher"; Value = "Altium Limited"; VariantName = "[No Variations]"
Add component (AddParameter): Name = "SPN"; Value = "A105035-ND"; VariantName = "[No Variations]"
Add component (AddParameter): Name = "Supplier 1"; Value = "Digi-Key"; VariantName = "[No Variations]"
Add component (AddParameter): Name = "Supplier Part Number 1"; Value = "A105035-ND"; VariantName = "[No Variations]"
Added Pin To Net: NetName=GND Pin=P2-1
Added Pin To Net: NetName=GND Pin=P2-2
Added Pin To Net: NetName=GND Pin=P2-3
Added Pin To Net: NetName=GND Pin=P2-4
Added Pin To Net: NetName=GND Pin=P2-5
Added Pin To Net: NetName=GND Pin=P?-1
Added Pin To Net: NetName=GND Pin=P?-1
Added Pin To Net: NetName=GND Pin=P?-2
Added Pin To Net: NetName=GND Pin=P?-2
Added Pin To Net: NetName=GND Pin=P?-3
Added Pin To Net: NetName=GND Pin=P?-3
Added Pin To Net: NetName=GND Pin=P?-4
Added Pin To Net: NetName=GND Pin=P?-4
Added Pin To Net: NetName=GND Pin=P?-5
Added Pin To Net: NetName=GND Pin=P?-5
Change Net Name : Old Net Name=NetC?_1 New Net Name=NetC5_1
Change Net Name : Old Net Name=NetC?_2 New Net Name=NetC5_2
Change Net Name : Old Net Name=NetD?_2 New Net Name=NetD6_2
Change Net Name : Old Net Name=NetQ?_1 New Net Name=NetQ3_1
Change Net Name : Old Net Name=NetQ?_4 New Net Name=NetQ3_4
Change Net Name : Old Net Name=NetR?_1 New Net Name=NetR8_1
Added Pin To Net: NetName=NetC3_2 Pin=C3-2
Added Pin To Net: NetName=NetC3_2 Pin=R5-2
Added Net: Name=NetC3_2
Added Pin To Net: NetName=NetC4_2 Pin=C4-2
Added Pin To Net: NetName=NetC4_2 Pin=R6-2
Added Net: Name=NetC4_2
Added Pin To Net: NetName=NetC6_2 Pin=C6-2
Added Pin To Net: NetName=NetC6_2 Pin=D4-2
Added Pin To Net: NetName=NetC6_2 Pin=D5-1
Added Pin To Net: NetName=NetC6_2 Pin=Q7-5
Added Pin To Net: NetName=NetC6_2 Pin=R7-2
Added Pin To Net: NetName=NetC6_2 Pin=R9-2
Added Pin To Net: NetName=NetC6_2 Pin=U4-6
Added Net: Name=NetC6_2
Added Pin To Net: NetName=NetQ4_4 Pin=Q4-4
Added Pin To Net: NetName=NetQ4_4 Pin=R3-1
Added Pin To Net: NetName=NetQ4_4 Pin=R5-1
Added Pin To Net: NetName=NetQ4_4 Pin=U3-1
Added Net: Name=NetQ4_4
Added Pin To Net: NetName=NetQ5_1 Pin=Q5-1
Added Pin To Net: NetName=NetQ5_1 Pin=Q5-2
Added Pin To Net: NetName=NetQ5_1 Pin=Q5-3
Added Pin To Net: NetName=NetQ5_1 Pin=Q6-1
Added Pin To Net: NetName=NetQ5_1 Pin=Q6-2
Added Pin To Net: NetName=NetQ5_1 Pin=Q6-3
Added Pin To Net: NetName=NetQ5_1 Pin=U4-2
Added Net: Name=NetQ5_1
Added Pin To Net: NetName=NetQ5_4 Pin=Q5-4
Added Pin To Net: NetName=NetQ5_4 Pin=R4-2
Added Net: Name=NetQ5_4
Added Pin To Net: NetName=NetQ6_4 Pin=Q6-4
Added Pin To Net: NetName=NetQ6_4 Pin=R4-1
Added Pin To Net: NetName=NetQ6_4 Pin=R6-1
Added Pin To Net: NetName=NetQ6_4 Pin=U4-1
Added Net: Name=NetQ6_4
Added Pin To Net: NetName=NetQ7_1 Pin=Q7-1
Added Pin To Net: NetName=NetQ7_1 Pin=R11-1
Added Net: Name=NetQ7_1
Added Pin To Net: NetName=Vs Pin=P2-6
Added Pin To Net: NetName=Vs Pin=P2-7
Added Pin To Net: NetName=Vs Pin=P2-8
Added Pin To Net: NetName=Vs Pin=P2-9
Added Pin To Net: NetName=Vs Pin=P?-6
Added Pin To Net: NetName=Vs Pin=P?-6
Added Pin To Net: NetName=Vs Pin=P?-7
Added Pin To Net: NetName=Vs Pin=P?-7
Added Pin To Net: NetName=Vs Pin=P?-8
Added Pin To Net: NetName=Vs Pin=P?-8
Added Pin To Net: NetName=Vs Pin=P?-9
Added Pin To Net: NetName=Vs Pin=P?-9
Added Net: Name=Vs
Added Member To Class: ClassName=Shore Power Member=Component C4 Cap Semi
Added Member To Class: ClassName=Shore Power Member=Component C5 Cap Semi
Added Member To Class: ClassName=Shore Power Member=Component C6 Cap Semi
Added Member To Class: ClassName=Shore Power Member=Component D3 Diode
Added Member To Class: ClassName=Shore Power Member=Component D4 Diode
Added Member To Class: ClassName=Shore Power Member=Component D5 SMAJ24CA-E3/61
Added Member To Class: ClassName=Shore Power Member=Component P2 3-338168-2
Added Member To Class: ClassName=Shore Power Member=Component P? 3-338168-2
Added Member To Class: ClassName=Shore Power Member=Component P? 3-338168-2
Added Member To Class: ClassName=Shore Power Member=Component Q3 BSC028N06NSTATMA1
Added Member To Class: ClassName=Shore Power Member=Component Q5 BSC028N06NSTATMA1
Added Member To Class: ClassName=Shore Power Member=Component Q6 BSC028N06NSTATMA1
Added Member To Class: ClassName=Shore Power Member=Component Q7 MOC207M
Added Member To Class: ClassName=Shore Power Member=Component R3 Res1
Added Member To Class: ClassName=Shore Power Member=Component R4 Res1
Added Member To Class: ClassName=Shore Power Member=Component R5 Res1
Added Member To Class: ClassName=Shore Power Member=Component R6 Res1
Added Member To Class: ClassName=Shore Power Member=Component R7 Res1
Added Member To Class: ClassName=Shore Power Member=Component R8 Res1
Added Member To Class: ClassName=Shore Power Member=Component R10 Res1
Added Member To Class: ClassName=Shore Power Member=Component R11 Res1
Added Member To Class: ClassName=Shore Power Member=Component U3 Part Number: LTC4359IMS8#PBF
