Removed Pin From Net: NetName=GND Pin=C3-1
Removed Pin From Net: NetName=GND Pin=C4-1
Removed Pin From Net: NetName=NetC1_2 Pin=D5-2
Removed Pin From Net: NetName=GND Pin=P1-1
Removed Pin From Net: NetName=GND Pin=P1-2
Removed Pin From Net: NetName=GND Pin=P1-3
Removed Pin From Net: NetName=GND Pin=P1-4
Removed Pin From Net: NetName=GND Pin=P1-5
Removed Pin From Net: NetName=GND Pin=P2-1
Removed Pin From Net: NetName=GND Pin=P2-2
Removed Pin From Net: NetName=GND Pin=P2-3
Removed Pin From Net: NetName=GND Pin=P2-4
Removed Pin From Net: NetName=GND Pin=P2-5
Removed Pin From Net: NetName=GND Pin=P3-1
Removed Pin From Net: NetName=GND Pin=P3-2
Removed Pin From Net: NetName=GND Pin=P3-3
Removed Pin From Net: NetName=GND Pin=P3-4
Removed Pin From Net: NetName=GND Pin=P3-5
Removed Pin From Net: NetName=GND Pin=P4-1
Removed Pin From Net: NetName=GND Pin=P4-2
Removed Pin From Net: NetName=GND Pin=P4-3
Removed Pin From Net: NetName=GND Pin=P4-4
Removed Pin From Net: NetName=GND Pin=P4-5
Removed Pin From Net: NetName=NetC1_2 Pin=Q5-5
Removed Pin From Net: NetName=NetC1_2 Pin=Q5-6
Removed Pin From Net: NetName=NetC1_2 Pin=Q5-7
Removed Pin From Net: NetName=NetC1_2 Pin=Q5-8
Removed Pin From Net: NetName=NetC1_2 Pin=Q5-9
Removed Pin From Net: NetName=GND Pin=Q7-2
Removed Pin From Net: NetName=NetC1_2 Pin=Q7-6
Removed Pin From Net: NetName=NetC1_2 Pin=R7-1
Removed Pin From Net: NetName=NetC1_2 Pin=R8-2
Removed Pin From Net: NetName=GND Pin=R9-1
Removed Pin From Net: NetName=GND Pin=R10-1
Removed Pin From Net: NetName=NetC1_2 Pin=U4-4
Removed Member From Class: ClassName=Redundant Batteries Member=P1
Change Room Name: Old Name=BMS_REV_A1 New Name=Redundant Batteries
Change Room Scope: Old Scope=InComponentClass('BMS_REV_A1') New Scope=InComponentClass('Redundant Batteries')
