Removed Member From Class: ClassName=Redundant Batteries Member=P2
Change Component Designator: OldDesignator=P? NewDesignator=P1
Change Component Designator: OldDesignator=P? NewDesignator=P3
Added Component: Designator=P4(CONN_3-338168-2)
Add component (AddParameter): Name = "LatestRevisionDate"; Value = "17-Jul-2002"; VariantName = "[No Variations]"
Add component (AddParameter): Name = "LatestRevisionNote"; Value = "Re-released for DXP Platform."; VariantName = "[No Variations]"
Add component (AddParameter): Name = "MPN"; Value = "3-338168-2"; VariantName = "[No Variations]"
Add component (AddParameter): Name = "Publisher"; Value = "Altium Limited"; VariantName = "[No Variations]"
Add component (AddParameter): Name = "SPN"; Value = "A105035-ND"; VariantName = "[No Variations]"
Add component (AddParameter): Name = "Supplier 1"; Value = "Digi-Key"; VariantName = "[No Variations]"
Add component (AddParameter): Name = "Supplier Part Number 1"; Value = "A105035-ND"; VariantName = "[No Variations]"
Added Pin To Net: NetName=GND Pin=P4-1
Added Pin To Net: NetName=GND Pin=P4-2
Added Pin To Net: NetName=GND Pin=P4-3
Added Pin To Net: NetName=GND Pin=P4-4
Added Pin To Net: NetName=GND Pin=P4-5
Added Pin To Net: NetName=NetD6_2 Pin=P4-6
Added Pin To Net: NetName=NetD6_2 Pin=P4-7
Added Pin To Net: NetName=NetD6_2 Pin=P4-8
Added Pin To Net: NetName=NetD6_2 Pin=P4-9
Added Member To Class: ClassName=Shore Power Member=Component D6 SMAJ24CA-E3/61
Added Member To Class: ClassName=Shore Power Member=Component P3 3-338168-2
Added Member To Class: ClassName=Shore Power Member=Component P4 3-338168-2
Added Member To Class: ClassName=Shore Power Member=Component Q4 BSC028N06NSTATMA1
Added Member To Class: ClassName=Shore Power Member=Component R9 Res1
Added Member To Class: ClassName=Shore Power Member=Component U4 Part Number: LTC4359IMS8#PBF
