Added Component: Designator=P?(CONN_3-338168-2)
Add component (AddParameter): Name = "LatestRevisionDate"; Value = "17-Jul-2002"; VariantName = "[No Variations]"
Add component (AddParameter): Name = "LatestRevisionNote"; Value = "Re-released for DXP Platform."; VariantName = "[No Variations]"
Add component (AddParameter): Name = "MPN"; Value = "3-338168-2"; VariantName = "[No Variations]"
Add component (AddParameter): Name = "Publisher"; Value = "Altium Limited"; VariantName = "[No Variations]"
Add component (AddParameter): Name = "SPN"; Value = "A105035-ND"; VariantName = "[No Variations]"
Add component (AddParameter): Name = "Supplier 1"; Value = "Digi-Key"; VariantName = "[No Variations]"
Add component (AddParameter): Name = "Supplier Part Number 1"; Value = "A105035-ND"; VariantName = "[No Variations]"
Added Component: Designator=P?(CONN_3-338168-2)
Add component (AddParameter): Name = "LatestRevisionDate"; Value = "17-Jul-2002"; VariantName = "[No Variations]"
Add component (AddParameter): Name = "LatestRevisionNote"; Value = "Re-released for DXP Platform."; VariantName = "[No Variations]"
Add component (AddParameter): Name = "MPN"; Value = "3-338168-2"; VariantName = "[No Variations]"
Add component (AddParameter): Name = "Publisher"; Value = "Altium Limited"; VariantName = "[No Variations]"
Add component (AddParameter): Name = "SPN"; Value = "A105035-ND"; VariantName = "[No Variations]"
Add component (AddParameter): Name = "Supplier 1"; Value = "Digi-Key"; VariantName = "[No Variations]"
Add component (AddParameter): Name = "Supplier Part Number 1"; Value = "A105035-ND"; VariantName = "[No Variations]"
Added Component: Designator=P?(CONN_3-338168-2)
Add component (AddParameter): Name = "LatestRevisionDate"; Value = "17-Jul-2002"; VariantName = "[No Variations]"
Add component (AddParameter): Name = "LatestRevisionNote"; Value = "Re-released for DXP Platform."; VariantName = "[No Variations]"
Add component (AddParameter): Name = "MPN"; Value = "3-338168-2"; VariantName = "[No Variations]"
Add component (AddParameter): Name = "Publisher"; Value = "Altium Limited"; VariantName = "[No Variations]"
Add component (AddParameter): Name = "SPN"; Value = "A105035-ND"; VariantName = "[No Variations]"
Add component (AddParameter): Name = "Supplier 1"; Value = "Digi-Key"; VariantName = "[No Variations]"
Add component (AddParameter): Name = "Supplier Part Number 1"; Value = "A105035-ND"; VariantName = "[No Variations]"
Added Pin To Net: NetName=GND Pin=P?-1
Added Pin To Net: NetName=GND Pin=P?-1
Added Pin To Net: NetName=GND Pin=P?-1
Added Pin To Net: NetName=GND Pin=P?-2
Added Pin To Net: NetName=GND Pin=P?-2
Added Pin To Net: NetName=GND Pin=P?-2
Added Pin To Net: NetName=GND Pin=P?-3
Added Pin To Net: NetName=GND Pin=P?-3
Added Pin To Net: NetName=GND Pin=P?-3
Added Pin To Net: NetName=GND Pin=P?-4
Added Pin To Net: NetName=GND Pin=P?-4
Added Pin To Net: NetName=GND Pin=P?-4
Added Pin To Net: NetName=GND Pin=P?-5
Added Pin To Net: NetName=GND Pin=P?-5
Added Pin To Net: NetName=GND Pin=P?-5
Added Pin To Net: NetName=NetC1_2 Pin=P?-6
Added Pin To Net: NetName=NetC1_2 Pin=P?-6
Added Pin To Net: NetName=NetC1_2 Pin=P?-6
Added Pin To Net: NetName=NetC1_2 Pin=P?-7
Added Pin To Net: NetName=NetC1_2 Pin=P?-7
Added Pin To Net: NetName=NetC1_2 Pin=P?-7
Added Pin To Net: NetName=NetC1_2 Pin=P?-8
Added Pin To Net: NetName=NetC1_2 Pin=P?-8
Added Pin To Net: NetName=NetC1_2 Pin=P?-8
Added Pin To Net: NetName=NetC1_2 Pin=P?-9
Added Pin To Net: NetName=NetC1_2 Pin=P?-9
Added Pin To Net: NetName=NetC1_2 Pin=P?-9
Change Net Name : Old Net Name=NetC1_2 New Net Name=Vs
Added Member To Class: ClassName=Redundant Batteries Member=Component P? 3-338168-2
Added Member To Class: ClassName=Redundant Batteries Member=Component P? 3-338168-2
Added Member To Class: ClassName=Redundant Batteries Member=Component P? 3-338168-2
